{
  "E:\\sss\\nodeDemo\\express_crud\\service\\userService.js": {
    "path": "E:\\sss\\nodeDemo\\express_crud\\service\\userService.js",
    "s": {
      "1": 1,
      "2": 1,
      "3": 1,
      "4": 1,
      "5": 3,
      "6": 1,
      "7": 2,
      "8": 1,
      "9": 1
    },
    "b": {
      "1": [1, 2],
      "2": [3, 2],
      "3": [1, 1],
      "4": [2, 1]
    },
    "f": {
      "1": 1,
      "2": 3
    },
    "fnMap": {
      "1": {
        "name": "(anonymous_1)",
        "line": 15,
        "loc": {
          "start": {
            "line": 15,
            "column": 19
          },
          "end": {
            "line": 15,
            "column": 31
          }
        }
      },
      "2": {
        "name": "(anonymous_2)",
        "line": 20,
        "loc": {
          "start": {
            "line": 20,
            "column": 23
          },
          "end": {
            "line": 20,
            "column": 45
          }
        }
      }
    },
    "statementMap": {
      "1": {
        "start": {
          "line": 12,
          "column": 0
        },
        "end": {
          "line": 12,
          "column": 36
        }
      },
      "2": {
        "start": {
          "line": 15,
          "column": 0
        },
        "end": {
          "line": 17,
          "column": 1
        }
      },
      "3": {
        "start": {
          "line": 16,
          "column": 2
        },
        "end": {
          "line": 16,
          "column": 21
        }
      },
      "4": {
        "start": {
          "line": 20,
          "column": 0
        },
        "end": {
          "line": 45,
          "column": 1
        }
      },
      "5": {
        "start": {
          "line": 24,
          "column": 2
        },
        "end": {
          "line": 29,
          "column": 3
        }
      },
      "6": {
        "start": {
          "line": 25,
          "column": 4
        },
        "end": {
          "line": 28,
          "column": 5
        }
      },
      "7": {
        "start": {
          "line": 30,
          "column": 2
        },
        "end": {
          "line": 35,
          "column": 3
        }
      },
      "8": {
        "start": {
          "line": 31,
          "column": 4
        },
        "end": {
          "line": 34,
          "column": 5
        }
      },
      "9": {
        "start": {
          "line": 40,
          "column": 2
        },
        "end": {
          "line": 44,
          "column": 3
        }
      }
    },
    "branchMap": {
      "1": {
        "line": 24,
        "type": "if",
        "locations": [{
          "start": {
            "line": 24,
            "column": 2
          },
          "end": {
            "line": 24,
            "column": 2
          }
        }, {
          "start": {
            "line": 24,
            "column": 2
          },
          "end": {
            "line": 24,
            "column": 2
          }
        }]
      },
      "2": {
        "line": 24,
        "type": "binary-expr",
        "locations": [{
          "start": {
            "line": 24,
            "column": 6
          },
          "end": {
            "line": 24,
            "column": 30
          }
        }, {
          "start": {
            "line": 24,
            "column": 34
          },
          "end": {
            "line": 24,
            "column": 43
          }
        }]
      },
      "3": {
        "line": 30,
        "type": "if",
        "locations": [{
          "start": {
            "line": 30,
            "column": 2
          },
          "end": {
            "line": 30,
            "column": 2
          }
        }, {
          "start": {
            "line": 30,
            "column": 2
          },
          "end": {
            "line": 30,
            "column": 2
          }
        }]
      },
      "4": {
        "line": 30,
        "type": "binary-expr",
        "locations": [{
          "start": {
            "line": 30,
            "column": 6
          },
          "end": {
            "line": 30,
            "column": 30
          }
        }, {
          "start": {
            "line": 30,
            "column": 34
          },
          "end": {
            "line": 30,
            "column": 43
          }
        }]
      }
    }
  },
  "E:\\sss\\nodeDemo\\express_crud\\initData.js": {
    "path": "E:\\sss\\nodeDemo\\express_crud\\initData.js",
    "s": {
      "1": 1,
      "2": 1,
      "3": 1,
      "4": 1,
      "5": 1,
      "6": 1,
      "7": 1,
      "8": 1,
      "9": 1
    },
    "b": {
      "1": [1, 0]
    },
    "f": {},
    "fnMap": {},
    "statementMap": {
      "1": {
        "start": {
          "line": 2,
          "column": 0
        },
        "end": {
          "line": 2,
          "column": 24
        }
      },
      "2": {
        "start": {
          "line": 3,
          "column": 0
        },
        "end": {
          "line": 3,
          "column": 28
        }
      },
      "3": {
        "start": {
          "line": 4,
          "column": 0
        },
        "end": {
          "line": 4,
          "column": 30
        }
      },
      "4": {
        "start": {
          "line": 6,
          "column": 0
        },
        "end": {
          "line": 6,
          "column": 35
        }
      },
      "5": {
        "start": {
          "line": 9,
          "column": 0
        },
        "end": {
          "line": 9,
          "column": 35
        }
      },
      "6": {
        "start": {
          "line": 23,
          "column": 0
        },
        "end": {
          "line": 35,
          "column": 2
        }
      },
      "7": {
        "start": {
          "line": 40,
          "column": 0
        },
        "end": {
          "line": 40,
          "column": 25
        }
      },
      "8": {
        "start": {
          "line": 45,
          "column": 0
        },
        "end": {
          "line": 47,
          "column": 2
        }
      },
      "9": {
        "start": {
          "line": 49,
          "column": 0
        },
        "end": {
          "line": 49,
          "column": 21
        }
      }
    },
    "branchMap": {
      "1": {
        "line": 9,
        "type": "binary-expr",
        "locations": [{
          "start": {
            "line": 9,
            "column": 0
          },
          "end": {
            "line": 9,
            "column": 12
          }
        }, {
          "start": {
            "line": 9,
            "column": 17
          },
          "end": {
            "line": 9,
            "column": 34
          }
        }]
      }
    }
  }
}