TN:
SF:E:\sss\nodeDemo\express_crud\service\userService.js
FN:15,(anonymous_1)
FN:20,(anonymous_2)
FNF:2
FNH:2
FNDA:1,(anonymous_1)
FNDA:3,(anonymous_2)
DA:12,1
DA:15,1
DA:16,1
DA:20,1
DA:24,3
DA:25,1
DA:30,2
DA:31,1
DA:40,1
LF:9
LH:9
BRDA:24,1,0,1
BRDA:24,1,1,2
BRDA:24,2,0,3
BRDA:24,2,1,2
BRDA:30,3,0,1
BRDA:30,3,1,1
BRDA:30,4,0,2
BRDA:30,4,1,1
BRF:8
BRH:8
end_of_record
TN:
SF:E:\sss\nodeDemo\express_crud\initData.js
FNF:0
FNH:0
DA:2,1
DA:3,1
DA:4,1
DA:6,1
DA:9,1
DA:23,1
DA:40,1
DA:45,1
DA:49,1
LF:9
LH:9
BRDA:9,1,0,1
BRDA:9,1,1,0
BRF:2
BRH:1
end_of_record
